2019-08-22 16:13:58,189 DEBUG    root            Loaded Command Group: [u'gcloud', u'components']
2019-08-22 16:13:58,193 DEBUG    root            Loaded Command Group: [u'gcloud', u'components', u'update']
2019-08-22 16:13:58,197 DEBUG    root            Running [gcloud.components.update] with arguments: [--allow-no-backup: "True", --quiet: "True", COMPONENT-IDS:5: "[u'core', u'gcloud-deps', u'bq', u'gcloud', u'gsutil']"]
2019-08-22 16:13:59,260 INFO     ___FILE_ONLY___ 

2019-08-22 16:13:59,261 INFO     ___FILE_ONLY___ 
Your current Cloud SDK version is: 259.0.0

2019-08-22 16:13:59,261 INFO     ___FILE_ONLY___ Installing components from version: 259.0.0

2019-08-22 16:13:59,261 INFO     ___FILE_ONLY___ 

2019-08-22 16:13:59,271 INFO     ___FILE_ONLY___ +----------------------------------------------------------------------------+
2019-08-22 16:13:59,272 INFO     ___FILE_ONLY___ 

2019-08-22 16:13:59,273 INFO     ___FILE_ONLY___ |                    These components will be installed.                     |
2019-08-22 16:13:59,273 INFO     ___FILE_ONLY___ 

2019-08-22 16:13:59,273 INFO     ___FILE_ONLY___ +-----------------------------------------------------+------------+---------+
2019-08-22 16:13:59,273 INFO     ___FILE_ONLY___ 

2019-08-22 16:13:59,273 INFO     ___FILE_ONLY___ |                         Name                        |  Version   |   Size  |
2019-08-22 16:13:59,273 INFO     ___FILE_ONLY___ 

2019-08-22 16:13:59,273 INFO     ___FILE_ONLY___ +-----------------------------------------------------+------------+---------+
2019-08-22 16:13:59,274 INFO     ___FILE_ONLY___ 

2019-08-22 16:13:59,274 INFO     ___FILE_ONLY___ | 
2019-08-22 16:13:59,274 INFO     ___FILE_ONLY___ BigQuery Command Line Tool                         
2019-08-22 16:13:59,274 INFO     ___FILE_ONLY___  
2019-08-22 16:13:59,274 INFO     ___FILE_ONLY___ | 
2019-08-22 16:13:59,274 INFO     ___FILE_ONLY___     2.0.46
2019-08-22 16:13:59,274 INFO     ___FILE_ONLY___  
2019-08-22 16:13:59,274 INFO     ___FILE_ONLY___ | 
2019-08-22 16:13:59,274 INFO     ___FILE_ONLY___ < 1 MiB
2019-08-22 16:13:59,274 INFO     ___FILE_ONLY___  
2019-08-22 16:13:59,275 INFO     ___FILE_ONLY___ |
2019-08-22 16:13:59,275 INFO     ___FILE_ONLY___ 

2019-08-22 16:13:59,275 INFO     ___FILE_ONLY___ | 
2019-08-22 16:13:59,275 INFO     ___FILE_ONLY___ BigQuery Command Line Tool (Platform Specific)     
2019-08-22 16:13:59,275 INFO     ___FILE_ONLY___  
2019-08-22 16:13:59,275 INFO     ___FILE_ONLY___ | 
2019-08-22 16:13:59,275 INFO     ___FILE_ONLY___     2.0.46
2019-08-22 16:13:59,275 INFO     ___FILE_ONLY___  
2019-08-22 16:13:59,275 INFO     ___FILE_ONLY___ | 
2019-08-22 16:13:59,276 INFO     ___FILE_ONLY___ < 1 MiB
2019-08-22 16:13:59,276 INFO     ___FILE_ONLY___  
2019-08-22 16:13:59,276 INFO     ___FILE_ONLY___ |
2019-08-22 16:13:59,276 INFO     ___FILE_ONLY___ 

2019-08-22 16:13:59,276 INFO     ___FILE_ONLY___ | 
2019-08-22 16:13:59,276 INFO     ___FILE_ONLY___ Cloud SDK Core Libraries (Platform Specific)       
2019-08-22 16:13:59,276 INFO     ___FILE_ONLY___  
2019-08-22 16:13:59,276 INFO     ___FILE_ONLY___ | 
2019-08-22 16:13:59,276 INFO     ___FILE_ONLY___ 2019.08.16
2019-08-22 16:13:59,276 INFO     ___FILE_ONLY___  
2019-08-22 16:13:59,277 INFO     ___FILE_ONLY___ | 
2019-08-22 16:13:59,277 INFO     ___FILE_ONLY___ < 1 MiB
2019-08-22 16:13:59,277 INFO     ___FILE_ONLY___  
2019-08-22 16:13:59,277 INFO     ___FILE_ONLY___ |
2019-08-22 16:13:59,277 INFO     ___FILE_ONLY___ 

2019-08-22 16:13:59,277 INFO     ___FILE_ONLY___ | 
2019-08-22 16:13:59,277 INFO     ___FILE_ONLY___ Cloud Storage Command Line Tool                    
2019-08-22 16:13:59,277 INFO     ___FILE_ONLY___  
2019-08-22 16:13:59,277 INFO     ___FILE_ONLY___ | 
2019-08-22 16:13:59,278 INFO     ___FILE_ONLY___       4.42
2019-08-22 16:13:59,278 INFO     ___FILE_ONLY___  
2019-08-22 16:13:59,278 INFO     ___FILE_ONLY___ | 
2019-08-22 16:13:59,278 INFO     ___FILE_ONLY___ 3.6 MiB
2019-08-22 16:13:59,278 INFO     ___FILE_ONLY___  
2019-08-22 16:13:59,278 INFO     ___FILE_ONLY___ |
2019-08-22 16:13:59,278 INFO     ___FILE_ONLY___ 

2019-08-22 16:13:59,278 INFO     ___FILE_ONLY___ | 
2019-08-22 16:13:59,278 INFO     ___FILE_ONLY___ Cloud Storage Command Line Tool (Platform Specific)
2019-08-22 16:13:59,278 INFO     ___FILE_ONLY___  
2019-08-22 16:13:59,279 INFO     ___FILE_ONLY___ | 
2019-08-22 16:13:59,279 INFO     ___FILE_ONLY___       4.42
2019-08-22 16:13:59,279 INFO     ___FILE_ONLY___  
2019-08-22 16:13:59,279 INFO     ___FILE_ONLY___ | 
2019-08-22 16:13:59,279 INFO     ___FILE_ONLY___ < 1 MiB
2019-08-22 16:13:59,279 INFO     ___FILE_ONLY___  
2019-08-22 16:13:59,279 INFO     ___FILE_ONLY___ |
2019-08-22 16:13:59,279 INFO     ___FILE_ONLY___ 

2019-08-22 16:13:59,279 INFO     ___FILE_ONLY___ | 
2019-08-22 16:13:59,280 INFO     ___FILE_ONLY___ Default set of gcloud commands                     
2019-08-22 16:13:59,280 INFO     ___FILE_ONLY___  
2019-08-22 16:13:59,280 INFO     ___FILE_ONLY___ | 
2019-08-22 16:13:59,280 INFO     ___FILE_ONLY___           
2019-08-22 16:13:59,280 INFO     ___FILE_ONLY___  
2019-08-22 16:13:59,280 INFO     ___FILE_ONLY___ | 
2019-08-22 16:13:59,280 INFO     ___FILE_ONLY___        
2019-08-22 16:13:59,280 INFO     ___FILE_ONLY___  
2019-08-22 16:13:59,280 INFO     ___FILE_ONLY___ |
2019-08-22 16:13:59,281 INFO     ___FILE_ONLY___ 

2019-08-22 16:13:59,281 INFO     ___FILE_ONLY___ | 
2019-08-22 16:13:59,281 INFO     ___FILE_ONLY___ gcloud cli dependencies                            
2019-08-22 16:13:59,281 INFO     ___FILE_ONLY___  
2019-08-22 16:13:59,281 INFO     ___FILE_ONLY___ | 
2019-08-22 16:13:59,281 INFO     ___FILE_ONLY___ 2018.08.03
2019-08-22 16:13:59,281 INFO     ___FILE_ONLY___  
2019-08-22 16:13:59,281 INFO     ___FILE_ONLY___ | 
2019-08-22 16:13:59,281 INFO     ___FILE_ONLY___ 8.6 MiB
2019-08-22 16:13:59,282 INFO     ___FILE_ONLY___  
2019-08-22 16:13:59,282 INFO     ___FILE_ONLY___ |
2019-08-22 16:13:59,282 INFO     ___FILE_ONLY___ 

2019-08-22 16:13:59,282 INFO     ___FILE_ONLY___ +-----------------------------------------------------+------------+---------+
2019-08-22 16:13:59,282 INFO     ___FILE_ONLY___ 

2019-08-22 16:13:59,282 INFO     ___FILE_ONLY___ 

2019-08-22 16:13:59,330 INFO     ___FILE_ONLY___ For the latest full release notes, please visit:
  https://cloud.google.com/sdk/release_notes


2019-08-22 16:13:59,336 INFO     ___FILE_ONLY___ #============================================================#

2019-08-22 16:13:59,336 INFO     ___FILE_ONLY___ #= Creating update staging area                             =#

2019-08-22 16:13:59,336 INFO     ___FILE_ONLY___ #
2019-08-22 16:13:59,337 INFO     ___FILE_ONLY___ ======
2019-08-22 16:13:59,337 INFO     ___FILE_ONLY___ ======
2019-08-22 16:13:59,337 INFO     ___FILE_ONLY___ ======
2019-08-22 16:13:59,481 INFO     ___FILE_ONLY___ =
2019-08-22 16:13:59,499 INFO     ___FILE_ONLY___ =
2019-08-22 16:13:59,517 INFO     ___FILE_ONLY___ =
2019-08-22 16:13:59,539 INFO     ___FILE_ONLY___ =
2019-08-22 16:13:59,559 INFO     ___FILE_ONLY___ =
2019-08-22 16:13:59,581 INFO     ___FILE_ONLY___ =
2019-08-22 16:13:59,608 INFO     ___FILE_ONLY___ =
2019-08-22 16:13:59,633 INFO     ___FILE_ONLY___ =
2019-08-22 16:13:59,661 INFO     ___FILE_ONLY___ =
2019-08-22 16:13:59,683 INFO     ___FILE_ONLY___ =
2019-08-22 16:13:59,708 INFO     ___FILE_ONLY___ =
2019-08-22 16:13:59,730 INFO     ___FILE_ONLY___ =
2019-08-22 16:13:59,748 INFO     ___FILE_ONLY___ =
2019-08-22 16:13:59,766 INFO     ___FILE_ONLY___ =
2019-08-22 16:13:59,784 INFO     ___FILE_ONLY___ =
2019-08-22 16:13:59,826 INFO     ___FILE_ONLY___ =
2019-08-22 16:13:59,841 INFO     ___FILE_ONLY___ =
2019-08-22 16:13:59,860 INFO     ___FILE_ONLY___ =
2019-08-22 16:13:59,885 INFO     ___FILE_ONLY___ =
2019-08-22 16:13:59,930 INFO     ___FILE_ONLY___ =
2019-08-22 16:13:59,948 INFO     ___FILE_ONLY___ =
2019-08-22 16:13:59,961 INFO     ___FILE_ONLY___ =
2019-08-22 16:13:59,974 INFO     ___FILE_ONLY___ =
2019-08-22 16:13:59,993 INFO     ___FILE_ONLY___ =
2019-08-22 16:14:00,017 INFO     ___FILE_ONLY___ =
2019-08-22 16:14:00,042 INFO     ___FILE_ONLY___ =
2019-08-22 16:14:00,067 INFO     ___FILE_ONLY___ =
2019-08-22 16:14:00,088 INFO     ___FILE_ONLY___ =
2019-08-22 16:14:00,109 INFO     ___FILE_ONLY___ =
2019-08-22 16:14:00,143 INFO     ___FILE_ONLY___ =
2019-08-22 16:14:00,167 INFO     ___FILE_ONLY___ =
2019-08-22 16:14:00,194 INFO     ___FILE_ONLY___ =
2019-08-22 16:14:00,217 INFO     ___FILE_ONLY___ =
2019-08-22 16:14:00,237 INFO     ___FILE_ONLY___ =
2019-08-22 16:14:00,263 INFO     ___FILE_ONLY___ =
2019-08-22 16:14:00,308 INFO     ___FILE_ONLY___ =
2019-08-22 16:14:00,342 INFO     ___FILE_ONLY___ =
2019-08-22 16:14:00,361 INFO     ___FILE_ONLY___ =
2019-08-22 16:14:00,393 INFO     ___FILE_ONLY___ =
2019-08-22 16:14:00,527 INFO     ___FILE_ONLY___ =
2019-08-22 16:14:00,563 INFO     ___FILE_ONLY___ =
2019-08-22 16:14:00,574 INFO     ___FILE_ONLY___ =
2019-08-22 16:14:00,574 INFO     ___FILE_ONLY___ #

2019-08-22 16:14:00,582 INFO     ___FILE_ONLY___ #= Installing: BigQuery Command Line Tool                   =#

2019-08-22 16:14:00,583 INFO     ___FILE_ONLY___ #
2019-08-22 16:14:00,612 INFO     ___FILE_ONLY___ =
2019-08-22 16:14:00,613 INFO     ___FILE_ONLY___ =
2019-08-22 16:14:00,613 INFO     ___FILE_ONLY___ =
2019-08-22 16:14:00,614 INFO     ___FILE_ONLY___ =
2019-08-22 16:14:00,614 INFO     ___FILE_ONLY___ =
2019-08-22 16:14:00,614 INFO     ___FILE_ONLY___ =
2019-08-22 16:14:00,615 INFO     ___FILE_ONLY___ =
2019-08-22 16:14:00,615 INFO     ___FILE_ONLY___ =
2019-08-22 16:14:00,615 INFO     ___FILE_ONLY___ =
2019-08-22 16:14:00,616 INFO     ___FILE_ONLY___ =
2019-08-22 16:14:00,616 INFO     ___FILE_ONLY___ =
2019-08-22 16:14:00,617 INFO     ___FILE_ONLY___ =
2019-08-22 16:14:00,617 INFO     ___FILE_ONLY___ =
2019-08-22 16:14:00,617 INFO     ___FILE_ONLY___ =
2019-08-22 16:14:00,618 INFO     ___FILE_ONLY___ =
2019-08-22 16:14:00,618 INFO     ___FILE_ONLY___ =
2019-08-22 16:14:00,618 INFO     ___FILE_ONLY___ =
2019-08-22 16:14:00,619 INFO     ___FILE_ONLY___ =
2019-08-22 16:14:00,619 INFO     ___FILE_ONLY___ =
2019-08-22 16:14:00,619 INFO     ___FILE_ONLY___ =
2019-08-22 16:14:00,620 INFO     ___FILE_ONLY___ =
2019-08-22 16:14:00,620 INFO     ___FILE_ONLY___ =
2019-08-22 16:14:00,620 INFO     ___FILE_ONLY___ =
2019-08-22 16:14:00,621 INFO     ___FILE_ONLY___ =
2019-08-22 16:14:00,621 INFO     ___FILE_ONLY___ =
2019-08-22 16:14:00,621 INFO     ___FILE_ONLY___ =
2019-08-22 16:14:00,622 INFO     ___FILE_ONLY___ =
2019-08-22 16:14:00,622 INFO     ___FILE_ONLY___ =
2019-08-22 16:14:00,622 INFO     ___FILE_ONLY___ =
2019-08-22 16:14:00,624 INFO     ___FILE_ONLY___ =
2019-08-22 16:14:00,673 INFO     ___FILE_ONLY___ =
2019-08-22 16:14:00,676 INFO     ___FILE_ONLY___ =
2019-08-22 16:14:00,678 INFO     ___FILE_ONLY___ =
2019-08-22 16:14:00,680 INFO     ___FILE_ONLY___ =
2019-08-22 16:14:00,682 INFO     ___FILE_ONLY___ =
2019-08-22 16:14:00,684 INFO     ___FILE_ONLY___ =
2019-08-22 16:14:00,686 INFO     ___FILE_ONLY___ =
2019-08-22 16:14:00,688 INFO     ___FILE_ONLY___ =
2019-08-22 16:14:00,690 INFO     ___FILE_ONLY___ =
2019-08-22 16:14:00,692 INFO     ___FILE_ONLY___ =
2019-08-22 16:14:00,694 INFO     ___FILE_ONLY___ =
2019-08-22 16:14:00,696 INFO     ___FILE_ONLY___ =
2019-08-22 16:14:00,698 INFO     ___FILE_ONLY___ =
2019-08-22 16:14:00,701 INFO     ___FILE_ONLY___ =
2019-08-22 16:14:00,702 INFO     ___FILE_ONLY___ =
2019-08-22 16:14:00,704 INFO     ___FILE_ONLY___ =
2019-08-22 16:14:00,706 INFO     ___FILE_ONLY___ =
2019-08-22 16:14:00,708 INFO     ___FILE_ONLY___ =
2019-08-22 16:14:00,710 INFO     ___FILE_ONLY___ =
2019-08-22 16:14:00,712 INFO     ___FILE_ONLY___ =
2019-08-22 16:14:00,716 INFO     ___FILE_ONLY___ =
2019-08-22 16:14:00,718 INFO     ___FILE_ONLY___ =
2019-08-22 16:14:00,721 INFO     ___FILE_ONLY___ =
2019-08-22 16:14:00,723 INFO     ___FILE_ONLY___ =
2019-08-22 16:14:00,724 INFO     ___FILE_ONLY___ =
2019-08-22 16:14:00,727 INFO     ___FILE_ONLY___ =
2019-08-22 16:14:00,730 INFO     ___FILE_ONLY___ =
2019-08-22 16:14:00,731 INFO     ___FILE_ONLY___ =
2019-08-22 16:14:00,736 INFO     ___FILE_ONLY___ =
2019-08-22 16:14:00,740 INFO     ___FILE_ONLY___ =
2019-08-22 16:14:00,741 INFO     ___FILE_ONLY___ #

2019-08-22 16:14:00,756 INFO     ___FILE_ONLY___ #= Installing: BigQuery Command Line Tool (Platform Spec... =#

2019-08-22 16:14:00,756 INFO     ___FILE_ONLY___ #
2019-08-22 16:14:00,786 INFO     ___FILE_ONLY___ ==============================
2019-08-22 16:14:00,787 INFO     ___FILE_ONLY___ ===============
2019-08-22 16:14:00,788 INFO     ___FILE_ONLY___ ===============
2019-08-22 16:14:00,788 INFO     ___FILE_ONLY___ #

2019-08-22 16:14:00,798 INFO     ___FILE_ONLY___ #= Installing: Cloud SDK Core Libraries (Platform Specific) =#

2019-08-22 16:14:00,799 INFO     ___FILE_ONLY___ #
2019-08-22 16:14:00,838 INFO     ___FILE_ONLY___ ==============================
2019-08-22 16:14:00,839 INFO     ___FILE_ONLY___ ==========
2019-08-22 16:14:00,840 INFO     ___FILE_ONLY___ =========
2019-08-22 16:14:00,840 INFO     ___FILE_ONLY___ ===========
2019-08-22 16:14:00,840 INFO     ___FILE_ONLY___ #

2019-08-22 16:14:00,851 INFO     ___FILE_ONLY___ #= Installing: Cloud Storage Command Line Tool              =#

2019-08-22 16:14:00,851 INFO     ___FILE_ONLY___ #
2019-08-22 16:14:00,882 INFO     ___FILE_ONLY___ =
2019-08-22 16:14:00,884 INFO     ___FILE_ONLY___ =
2019-08-22 16:14:00,885 INFO     ___FILE_ONLY___ =
2019-08-22 16:14:00,886 INFO     ___FILE_ONLY___ =
2019-08-22 16:14:00,888 INFO     ___FILE_ONLY___ =
2019-08-22 16:14:00,889 INFO     ___FILE_ONLY___ =
2019-08-22 16:14:00,890 INFO     ___FILE_ONLY___ =
2019-08-22 16:14:00,892 INFO     ___FILE_ONLY___ =
2019-08-22 16:14:00,893 INFO     ___FILE_ONLY___ =
2019-08-22 16:14:00,894 INFO     ___FILE_ONLY___ =
2019-08-22 16:14:00,895 INFO     ___FILE_ONLY___ =
2019-08-22 16:14:00,897 INFO     ___FILE_ONLY___ =
2019-08-22 16:14:00,898 INFO     ___FILE_ONLY___ =
2019-08-22 16:14:00,899 INFO     ___FILE_ONLY___ =
2019-08-22 16:14:00,900 INFO     ___FILE_ONLY___ =
2019-08-22 16:14:00,901 INFO     ___FILE_ONLY___ =
2019-08-22 16:14:00,903 INFO     ___FILE_ONLY___ =
2019-08-22 16:14:00,903 INFO     ___FILE_ONLY___ =
2019-08-22 16:14:00,904 INFO     ___FILE_ONLY___ =
2019-08-22 16:14:00,905 INFO     ___FILE_ONLY___ =
2019-08-22 16:14:00,905 INFO     ___FILE_ONLY___ =
2019-08-22 16:14:00,906 INFO     ___FILE_ONLY___ =
2019-08-22 16:14:00,906 INFO     ___FILE_ONLY___ =
2019-08-22 16:14:00,907 INFO     ___FILE_ONLY___ =
2019-08-22 16:14:00,907 INFO     ___FILE_ONLY___ =
2019-08-22 16:14:00,908 INFO     ___FILE_ONLY___ =
2019-08-22 16:14:00,909 INFO     ___FILE_ONLY___ =
2019-08-22 16:14:00,909 INFO     ___FILE_ONLY___ =
2019-08-22 16:14:00,910 INFO     ___FILE_ONLY___ =
2019-08-22 16:14:00,911 INFO     ___FILE_ONLY___ =
2019-08-22 16:14:01,270 INFO     ___FILE_ONLY___ =
2019-08-22 16:14:01,291 INFO     ___FILE_ONLY___ =
2019-08-22 16:14:01,310 INFO     ___FILE_ONLY___ =
2019-08-22 16:14:01,322 INFO     ___FILE_ONLY___ =
2019-08-22 16:14:01,335 INFO     ___FILE_ONLY___ =
2019-08-22 16:14:01,348 INFO     ___FILE_ONLY___ =
2019-08-22 16:14:01,362 INFO     ___FILE_ONLY___ =
2019-08-22 16:14:01,377 INFO     ___FILE_ONLY___ =
2019-08-22 16:14:01,390 INFO     ___FILE_ONLY___ =
2019-08-22 16:14:01,406 INFO     ___FILE_ONLY___ =
2019-08-22 16:14:01,423 INFO     ___FILE_ONLY___ =
2019-08-22 16:14:01,441 INFO     ___FILE_ONLY___ =
2019-08-22 16:14:01,458 INFO     ___FILE_ONLY___ =
2019-08-22 16:14:01,476 INFO     ___FILE_ONLY___ =
2019-08-22 16:14:01,492 INFO     ___FILE_ONLY___ =
2019-08-22 16:14:01,511 INFO     ___FILE_ONLY___ =
2019-08-22 16:14:01,526 INFO     ___FILE_ONLY___ =
2019-08-22 16:14:01,540 INFO     ___FILE_ONLY___ =
2019-08-22 16:14:01,554 INFO     ___FILE_ONLY___ =
2019-08-22 16:14:01,566 INFO     ___FILE_ONLY___ =
2019-08-22 16:14:01,579 INFO     ___FILE_ONLY___ =
2019-08-22 16:14:01,593 INFO     ___FILE_ONLY___ =
2019-08-22 16:14:01,607 INFO     ___FILE_ONLY___ =
2019-08-22 16:14:01,621 INFO     ___FILE_ONLY___ =
2019-08-22 16:14:01,635 INFO     ___FILE_ONLY___ =
2019-08-22 16:14:01,651 INFO     ___FILE_ONLY___ =
2019-08-22 16:14:01,667 INFO     ___FILE_ONLY___ =
2019-08-22 16:14:01,681 INFO     ___FILE_ONLY___ =
2019-08-22 16:14:01,701 INFO     ___FILE_ONLY___ =
2019-08-22 16:14:01,719 INFO     ___FILE_ONLY___ =
2019-08-22 16:14:01,719 INFO     ___FILE_ONLY___ #

2019-08-22 16:14:01,782 INFO     ___FILE_ONLY___ #= Installing: Cloud Storage Command Line Tool (Platform... =#

2019-08-22 16:14:01,782 INFO     ___FILE_ONLY___ #
2019-08-22 16:14:01,812 INFO     ___FILE_ONLY___ ==============================
2019-08-22 16:14:01,814 INFO     ___FILE_ONLY___ ===============
2019-08-22 16:14:01,815 INFO     ___FILE_ONLY___ ===============
2019-08-22 16:14:01,815 INFO     ___FILE_ONLY___ #

2019-08-22 16:14:01,826 INFO     ___FILE_ONLY___ #= Installing: Default set of gcloud commands               =#

2019-08-22 16:14:01,826 INFO     ___FILE_ONLY___ #
2019-08-22 16:14:01,831 INFO     ___FILE_ONLY___ ============================================================
2019-08-22 16:14:01,831 INFO     ___FILE_ONLY___ #

2019-08-22 16:14:01,838 INFO     ___FILE_ONLY___ #= Installing: gcloud cli dependencies                      =#

2019-08-22 16:14:01,838 INFO     ___FILE_ONLY___ #
2019-08-22 16:14:01,952 INFO     ___FILE_ONLY___ =
2019-08-22 16:14:01,956 INFO     ___FILE_ONLY___ =
2019-08-22 16:14:01,959 INFO     ___FILE_ONLY___ =
2019-08-22 16:14:01,962 INFO     ___FILE_ONLY___ =
2019-08-22 16:14:01,966 INFO     ___FILE_ONLY___ =
2019-08-22 16:14:01,969 INFO     ___FILE_ONLY___ =
2019-08-22 16:14:01,973 INFO     ___FILE_ONLY___ =
2019-08-22 16:14:01,974 INFO     ___FILE_ONLY___ =
2019-08-22 16:14:01,976 INFO     ___FILE_ONLY___ =
2019-08-22 16:14:01,977 INFO     ___FILE_ONLY___ =
2019-08-22 16:14:01,979 INFO     ___FILE_ONLY___ =
2019-08-22 16:14:01,980 INFO     ___FILE_ONLY___ =
2019-08-22 16:14:01,981 INFO     ___FILE_ONLY___ =
2019-08-22 16:14:01,983 INFO     ___FILE_ONLY___ =
2019-08-22 16:14:01,984 INFO     ___FILE_ONLY___ =
2019-08-22 16:14:01,986 INFO     ___FILE_ONLY___ =
2019-08-22 16:14:01,987 INFO     ___FILE_ONLY___ =
2019-08-22 16:14:01,988 INFO     ___FILE_ONLY___ =
2019-08-22 16:14:01,990 INFO     ___FILE_ONLY___ =
2019-08-22 16:14:01,991 INFO     ___FILE_ONLY___ =
2019-08-22 16:14:01,993 INFO     ___FILE_ONLY___ =
2019-08-22 16:14:01,994 INFO     ___FILE_ONLY___ =
2019-08-22 16:14:01,995 INFO     ___FILE_ONLY___ =
2019-08-22 16:14:01,997 INFO     ___FILE_ONLY___ =
2019-08-22 16:14:01,998 INFO     ___FILE_ONLY___ =
2019-08-22 16:14:02,000 INFO     ___FILE_ONLY___ =
2019-08-22 16:14:02,001 INFO     ___FILE_ONLY___ =
2019-08-22 16:14:02,002 INFO     ___FILE_ONLY___ =
2019-08-22 16:14:02,004 INFO     ___FILE_ONLY___ =
2019-08-22 16:14:02,006 INFO     ___FILE_ONLY___ =
2019-08-22 16:14:02,293 INFO     ___FILE_ONLY___ =
2019-08-22 16:14:02,294 INFO     ___FILE_ONLY___ =
2019-08-22 16:14:02,294 INFO     ___FILE_ONLY___ =
2019-08-22 16:14:02,295 INFO     ___FILE_ONLY___ =
2019-08-22 16:14:02,296 INFO     ___FILE_ONLY___ =
2019-08-22 16:14:02,297 INFO     ___FILE_ONLY___ =
2019-08-22 16:14:02,297 INFO     ___FILE_ONLY___ =
2019-08-22 16:14:02,297 INFO     ___FILE_ONLY___ =
2019-08-22 16:14:02,298 INFO     ___FILE_ONLY___ =
2019-08-22 16:14:02,299 INFO     ___FILE_ONLY___ =
2019-08-22 16:14:02,299 INFO     ___FILE_ONLY___ =
2019-08-22 16:14:02,300 INFO     ___FILE_ONLY___ =
2019-08-22 16:14:02,301 INFO     ___FILE_ONLY___ =
2019-08-22 16:14:02,301 INFO     ___FILE_ONLY___ =
2019-08-22 16:14:02,301 INFO     ___FILE_ONLY___ =
2019-08-22 16:14:02,302 INFO     ___FILE_ONLY___ =
2019-08-22 16:14:02,303 INFO     ___FILE_ONLY___ =
2019-08-22 16:14:02,303 INFO     ___FILE_ONLY___ =
2019-08-22 16:14:02,304 INFO     ___FILE_ONLY___ =
2019-08-22 16:14:02,305 INFO     ___FILE_ONLY___ =
2019-08-22 16:14:02,306 INFO     ___FILE_ONLY___ =
2019-08-22 16:14:02,306 INFO     ___FILE_ONLY___ =
2019-08-22 16:14:02,307 INFO     ___FILE_ONLY___ =
2019-08-22 16:14:02,307 INFO     ___FILE_ONLY___ =
2019-08-22 16:14:02,546 INFO     ___FILE_ONLY___ =
2019-08-22 16:14:02,547 INFO     ___FILE_ONLY___ =
2019-08-22 16:14:02,550 INFO     ___FILE_ONLY___ =
2019-08-22 16:14:02,551 INFO     ___FILE_ONLY___ =
2019-08-22 16:14:02,552 INFO     ___FILE_ONLY___ =
2019-08-22 16:14:02,553 INFO     ___FILE_ONLY___ =
2019-08-22 16:14:02,553 INFO     ___FILE_ONLY___ #

2019-08-22 16:14:02,567 INFO     ___FILE_ONLY___ #= Creating backup and activating new installation          =#

2019-08-22 16:14:02,568 INFO     ___FILE_ONLY___ #
2019-08-22 16:14:02,568 DEBUG    root            Attempting to move directory [/tools/google-cloud-sdk] to [/tools/google-cloud-sdk.staging/.install/.backup]
2019-08-22 16:14:02,568 INFO     ___FILE_ONLY___ ==============================
2019-08-22 16:14:02,568 DEBUG    root            Attempting to move directory [/tools/google-cloud-sdk.staging] to [/tools/google-cloud-sdk]
2019-08-22 16:14:02,569 INFO     ___FILE_ONLY___ ==============================
2019-08-22 16:14:02,569 INFO     ___FILE_ONLY___ #

2019-08-22 16:14:02,574 DEBUG    root            Updating notification cache...
2019-08-22 16:14:02,575 INFO     ___FILE_ONLY___ 

2019-08-22 16:14:02,580 INFO     ___FILE_ONLY___ Performing post processing steps...
2019-08-22 16:14:02,581 DEBUG    root            Executing command: ['/usr/bin/python2', u'-S', u'/tools/google-cloud-sdk/lib/gcloud.py', u'components', u'post-process']
2019-08-22 16:14:12,882 DEBUG    ___FILE_ONLY___ 
2019-08-22 16:14:12,883 DEBUG    ___FILE_ONLY___ 
2019-08-22 16:14:13,101 INFO     ___FILE_ONLY___ 
Update done!


2019-08-22 16:14:13,107 INFO     root            Display format: "none"
